*** Life<Cell> 9x9 ***

Generation = 0, Population = 3.
---------
---------
---------
---------
---000---
---------
---------
---------
---------

Generation = 1, Population = 10.
---------
---------
---------
---000---
--01-10--
---000---
---------
---------
---------

Generation = 2, Population = 12.
---------
---------
---000---
---------
-01*-*10-
---------
---000---
---------
---------

Generation = 3, Population = 28.
---------
---000---
--01-10--
-00-0-00-
01-.-.-10
-00-0-00-
--01-10--
---000---
---------

*** Life<Cell> 1x1 ***

Generation = 0, Population = 1.
0

Generation = 1, Population = 0.
-

*** Life<Cell> 10x10 ***

Generation = 0, Population = 10.
----------
----------
----------
----------
0000000000
----------
----------
----------
----------
----------

Generation = 10, Population = 44.
.01000010.
1-1-11-1-1
.0.-..-.0.
1-0----0-1
11-0**0-11
----11----
*110--011*
0--------0
*--------*
1--------1

Generation = 20, Population = 28.
..........
11......11
.-......-.
*.**..**.*
..*....*..
-..*..*..-
..*....*..
.*.-..-.*.
*.-1--1-.*
.**-00-**.

Generation = 30, Population = 0.
..........
..........
.-......-.
..........
..........
-........-
..........
..........
..-....-..
..........

*** Life<Cell> 100x100 ***

Generation = 0, Population = 100.
----------------------------------------------------------------------------------------------------
----------------------------------------------------------------------------------------------------
----------------------------------------------------------------------------------------------------
----------------------------------------------------------------------------------------------------
----------------------------------------------------------------------------------------------------
----------------------------------------------------------------------------------------------------
----------------------------------------------------------------------------------------------------
----------------------------------------------------------------------------------------------------
----------------------------------------------------------------------------------------------------
----------------------------------------------------------------------------------------------------
----------------------------------------------------------------------------------------------------
----------------------------------------------------------------------------------------------------
----------------------------------------------------------------------------------------------------
----------------------------------------------------------------------------------------------------
----------------------------------------------------------------------------------------------------
----------------------------------------------------------------------------------------------------
----------------------------------------------------------------------------------------------------
----------------------------------------------------------------------------------------------------
----------------------------------------------------------------------------------------------------
----------------------------------------------------------------------------------------------------
----------------------------------------------------------------------------------------------------
----------------------------------------------------------------------------------------------------
----------------------------------------------------------------------------------------------------
----------------------------------------------------------------------------------------------------
----------------------------------------------------------------------------------------------------
----------------------------------------------------------------------------------------------------
----------------------------------------------------------------------------------------------------
----------------------------------------------------------------------------------------------------
----------------------------------------------------------------------------------------------------
----------------------------------------------------------------------------------------------------
----------------------------------------------------------------------------------------------------
----------------------------------------------------------------------------------------------------
----------------------------------------------------------------------------------------------------
----------------------------------------------------------------------------------------------------
----------------------------------------------------------------------------------------------------
----------------------------------------------------------------------------------------------------
----------------------------------------------------------------------------------------------------
----------------------------------------------------------------------------------------------------
----------------------------------------------------------------------------------------------------
----------------------------------------------------------------------------------------------------
----------------------------------------------------------------------------------------------------
----------------------------------------------------------------------------------------------------
----------------------------------------------------------------------------------------------------
----------------------------------------------------------------------------------------------------
----------------------------------------------------------------------------------------------------
----------------------------------------------------------------------------------------------------
----------------------------------------------------------------------------------------------------
----------------------------------------------------------------------------------------------------
----------------------------------------------------------------------------------------------------
0000000000000000000000000000000000000000000000000000000000000000000000000000000000000000000000000000
----------------------------------------------------------------------------------------------------
----------------------------------------------------------------------------------------------------
----------------------------------------------------------------------------------------------------
----------------------------------------------------------------------------------------------------
----------------------------------------------------------------------------------------------------
----------------------------------------------------------------------------------------------------
----------------------------------------------------------------------------------------------------
----------------------------------------------------------------------------------------------------
----------------------------------------------------------------------------------------------------
----------------------------------------------------------------------------------------------------
----------------------------------------------------------------------------------------------------
----------------------------------------------------------------------------------------------------
----------------------------------------------------------------------------------------------------
----------------------------------------------------------------------------------------------------
----------------------------------------------------------------------------------------------------
----------------------------------------------------------------------------------------------------
----------------------------------------------------------------------------------------------------
----------------------------------------------------------------------------------------------------
----------------------------------------------------------------------------------------------------
----------------------------------------------------------------------------------------------------
----------------------------------------------------------------------------------------------------
----------------------------------------------------------------------------------------------------
----------------------------------------------------------------------------------------------------
----------------------------------------------------------------------------------------------------
----------------------------------------------------------------------------------------------------
----------------------------------------------------------------------------------------------------
----------------------------------------------------------------------------------------------------
----------------------------------------------------------------------------------------------------
----------------------------------------------------------------------------------------------------
----------------------------------------------------------------------------------------------------
----------------------------------------------------------------------------------------------------
----------------------------------------------------------------------------------------------------
----------------------------------------------------------------------------------------------------
----------------------------------------------------------------------------------------------------
----------------------------------------------------------------------------------------------------
----------------------------------------------------------------------------------------------------
----------------------------------------------------------------------------------------------------
----------------------------------------------------------------------------------------------------
----------------------------------------------------------------------------------------------------
----------------------------------------------------------------------------------------------------
----------------------------------------------------------------------------------------------------
----------------------------------------------------------------------------------------------------
----------------------------------------------------------------------------------------------------
----------------------------------------------------------------------------------------------------
----------------------------------------------------------------------------------------------------
----------------------------------------------------------------------------------------------------
----------------------------------------------------------------------------------------------------
----------------------------------------------------------------------------------------------------
----------------------------------------------------------------------------------------------------
----------------------------------------------------------------------------------------------------

Generation = 10, Population = 424.
----------------------------------------------------------------------------------------------------
----------------------------------------------------------------------------------------------------
----------------------------------------------------------------------------------------------------
----------------------------------------------------------------------------------------------------
----------------------------------------------------------------------------------------------------
----------------------------------------------------------------------------------------------------
----------------------------------------------------------------------------------------------------
----------------------------------------------------------------------------------------------------
----------------------------------------------------------------------------------------------------
----------------------------------------------------------------------------------------------------
----------------------------------------------------------------------------------------------------
----------------------------------------------------------------------------------------------------
----------------------------------------------------------------------------------------------------
----------------------------------------------------------------------------------------------------
----------------------------------------------------------------------------------------------------
----------------------------------------------------------------------------------------------------
----------------------------------------------------------------------------------------------------
----------------------------------------------------------------------------------------------------
----------------------------------------------------------------------------------------------------
----------------------------------------------------------------------------------------------------
----------------------------------------------------------------------------------------------------
----------------------------------------------------------------------------------------------------
----------------------------------------------------------------------------------------------------
----------------------------------------------------------------------------------------------------
----------------------------------------------------------------------------------------------------
----------------------------------------------------------------------------------------------------
----------------------------------------------------------------------------------------------------
----------------------------------------------------------------------------------------------------
----------------------------------------------------------------------------------------------------
----------------------------------------------------------------------------------------------------
----------------------------------------------------------------------------------------------------
----------------------------------------------------------------------------------------------------
----------------------------------------------------------------------------------------------------
----------------------------------------------------------------------------------------------------
----------------------------------------------------------------------------------------------------
----------------------------------------------------------------------------------------------------
----------------------------------------------------------------------------------------------------
----------------------------------------------------------------------------------------------------
----------------------------------------------------------------------------------------------------
0000000000000000000000000000000000000000000000000000000000000000000000000000000000000000000000000000
----------------------------------------------------------------------------------------------------
-0------------------------------------------------------------------------------------------------0-
----------------------------------------------------------------------------------------------------
1000000000000000000000000000000000000000000000000000000000000000000000000000000000000000000000000001
----------------------------------------------------------------------------------------------------
1--------------------------------------------------------------------------------------------------1
----------------------------------------------------------------------------------------------------
*-1----0------------------------------------------------------------------------------------0----1-*
----------------------------------------------------------------------------------------------------
-----0---0--------------------------------------------------------------------------------0---0-----
----------------------------------------------------------------------------------------------------
*-1----0------------------------------------------------------------------------------------0----1-*
----------------------------------------------------------------------------------------------------
1--------------------------------------------------------------------------------------------------1
----------------------------------------------------------------------------------------------------
1000000000000000000000000000000000000000000000000000000000000000000000000000000000000000000000000001
----------------------------------------------------------------------------------------------------
-0------------------------------------------------------------------------------------------------0-
----------------------------------------------------------------------------------------------------
0000000000000000000000000000000000000000000000000000000000000000000000000000000000000000000000000000
----------------------------------------------------------------------------------------------------
----------------------------------------------------------------------------------------------------
----------------------------------------------------------------------------------------------------
----------------------------------------------------------------------------------------------------
----------------------------------------------------------------------------------------------------
----------------------------------------------------------------------------------------------------
----------------------------------------------------------------------------------------------------
----------------------------------------------------------------------------------------------------
----------------------------------------------------------------------------------------------------
----------------------------------------------------------------------------------------------------
----------------------------------------------------------------------------------------------------
----------------------------------------------------------------------------------------------------
----------------------------------------------------------------------------------------------------
----------------------------------------------------------------------------------------------------
----------------------------------------------------------------------------------------------------
----------------------------------------------------------------------------------------------------
----------------------------------------------------------------------------------------------------
----------------------------------------------------------------------------------------------------
----------------------------------------------------------------------------------------------------
----------------------------------------------------------------------------------------------------
----------------------------------------------------------------------------------------------------
----------------------------------------------------------------------------------------------------
----------------------------------------------------------------------------------------------------
----------------------------------------------------------------------------------------------------
----------------------------------------------------------------------------------------------------
----------------------------------------------------------------------------------------------------
----------------------------------------------------------------------------------------------------
----------------------------------------------------------------------------------------------------
----------------------------------------------------------------------------------------------------
----------------------------------------------------------------------------------------------------
----------------------------------------------------------------------------------------------------
----------------------------------------------------------------------------------------------------
----------------------------------------------------------------------------------------------------
----------------------------------------------------------------------------------------------------
----------------------------------------------------------------------------------------------------
----------------------------------------------------------------------------------------------------
----------------------------------------------------------------------------------------------------
----------------------------------------------------------------------------------------------------
----------------------------------------------------------------------------------------------------
----------------------------------------------------------------------------------------------------

Generation = 20, Population = 512.
----------------------------------------------------------------------------------------------------
----------------------------------------------------------------------------------------------------
----------------------------------------------------------------------------------------------------
----------------------------------------------------------------------------------------------------
----------------------------------------------------------------------------------------------------
----------------------------------------------------------------------------------------------------
----------------------------------------------------------------------------------------------------
----------------------------------------------------------------------------------------------------
----------------------------------------------------------------------------------------------------
----------------------------------------------------------------------------------------------------
----------------------------------------------------------------------------------------------------
----------------------------------------------------------------------------------------------------
----------------------------------------------------------------------------------------------------
----------------------------------------------------------------------------------------------------
----------------------------------------------------------------------------------------------------
----------------------------------------------------------------------------------------------------
----------------------------------------------------------------------------------------------------
----------------------------------------------------------------------------------------------------
----------------------------------------------------------------------------------------------------
----------------------------------------------------------------------------------------------------
----------------------------------------------------------------------------------------------------
----------------------------------------------------------------------------------------------------
----------------------------------------------------------------------------------------------------
----------------------------------------------------------------------------------------------------
----------------------------------------------------------------------------------------------------
----------------------------------------------------------------------------------------------------
----------------------------------------------------------------------------------------------------
----------------------------------------------------------------------------------------------------
----------------------------------------------------------------------------------------------------
0000000000000000000000000000000000000000000000000000000000000000000000000000000000000000000000000000
----------------------------------------------------------------------------------------------------
----------------------------------------------------------------------------------------------------
----------------------------------------------------------------------------------------------------
---0--------------------------------------------------------------------------------------------0---
----------------------------------------------------------------------------------------------------
*--------------------------------------------------------------------------------------------------*
----------------------------------------------------------------------------------------------------
1000000000000000000000000000000000000000000000000000000000000000000000000000000000000000000000000001
----------------------------------------------------------------------------------------------------
.-1----------------------------------------------------------------------------------------------1-.
--1----------------------------------------------------------------------------------------------1--
.*-1--------------------------------------------------------------------------------------------1-*.
--.-1------------------------------------------------------------------------------------------1-.--
.**.*1--1----------------------------------------------------------------------------------1--1*.**.
----------------------------------------------------------------------------------------------------
.**-.1---------0--------------------------------------------------------------------0---------1.-**.
010-0------------------------------------------------------------------------------------------0-010
..*1.-1-.-1-1--------------------------------------------------------------------------1-1-.-1-.1*..
11------------------------------------------------------------------------------------------------11
-----------0-------0------------------------------------------------------------0-------0-----------
11------------------------------------------------------------------------------------------------11
..*1.-1-.-1-1--------------------------------------------------------------------------1-1-.-1-.1*..
010-0------------------------------------------------------------------------------------------0-010
.**-.1---------0--------------------------------------------------------------------0---------1.-**.
----------------------------------------------------------------------------------------------------
.**.*1--1----------------------------------------------------------------------------------1--1*.**.
--.-1------------------------------------------------------------------------------------------1-.--
.*-1--------------------------------------------------------------------------------------------1-*.
--1----------------------------------------------------------------------------------------------1--
.-1----------------------------------------------------------------------------------------------1-.
----------------------------------------------------------------------------------------------------
1000000000000000000000000000000000000000000000000000000000000000000000000000000000000000000000000001
----------------------------------------------------------------------------------------------------
*--------------------------------------------------------------------------------------------------*
----------------------------------------------------------------------------------------------------
---0--------------------------------------------------------------------------------------------0---
----------------------------------------------------------------------------------------------------
----------------------------------------------------------------------------------------------------
----------------------------------------------------------------------------------------------------
0000000000000000000000000000000000000000000000000000000000000000000000000000000000000000000000000000
----------------------------------------------------------------------------------------------------
----------------------------------------------------------------------------------------------------
----------------------------------------------------------------------------------------------------
----------------------------------------------------------------------------------------------------
----------------------------------------------------------------------------------------------------
----------------------------------------------------------------------------------------------------
----------------------------------------------------------------------------------------------------
----------------------------------------------------------------------------------------------------
----------------------------------------------------------------------------------------------------
----------------------------------------------------------------------------------------------------
----------------------------------------------------------------------------------------------------
----------------------------------------------------------------------------------------------------
----------------------------------------------------------------------------------------------------
----------------------------------------------------------------------------------------------------
----------------------------------------------------------------------------------------------------
----------------------------------------------------------------------------------------------------
----------------------------------------------------------------------------------------------------
----------------------------------------------------------------------------------------------------
----------------------------------------------------------------------------------------------------
----------------------------------------------------------------------------------------------------
----------------------------------------------------------------------------------------------------
----------------------------------------------------------------------------------------------------
----------------------------------------------------------------------------------------------------
----------------------------------------------------------------------------------------------------
----------------------------------------------------------------------------------------------------
----------------------------------------------------------------------------------------------------
----------------------------------------------------------------------------------------------------
----------------------------------------------------------------------------------------------------
----------------------------------------------------------------------------------------------------
----------------------------------------------------------------------------------------------------

Generation = 30, Population = 1752.
----------------------------------------------------------------------------------------------------
----------------------------------------------------------------------------------------------------
----------------------------------------------------------------------------------------------------
----------------------------------------------------------------------------------------------------
----------------------------------------------------------------------------------------------------
----------------------------------------------------------------------------------------------------
----------------------------------------------------------------------------------------------------
----------------------------------------------------------------------------------------------------
----------------------------------------------------------------------------------------------------
----------------------------------------------------------------------------------------------------
----------------------------------------------------------------------------------------------------
----------------------------------------------------------------------------------------------------
----------------------------------------------------------------------------------------------------
----------------------------------------------------------------------------------------------------
----------------------------------------------------------------------------------------------------
----------------------------------------------------------------------------------------------------
----------------------------------------------------------------------------------------------------
----------------------------------------------------------------------------------------------------
----------------------------------------------------------------------------------------------------
0000000000000000000000000000000000000000000000000000000000000000000000000000000000000000000000000000
----------------------------------------------------------------------------------------------------
-0------------------------------------------------------------------------------------------------0-
----------------------------------------------------------------------------------------------------
100-00000000000000000000000000000000000000000000000000000000000000000000000000000000000000000000-001
----------------------------------------------------------------------------------------------------
10---0----------------------------------------------------------------------------------------0---01
----------------------------------------------------------------------------------------------------
*1--000-000000000000000000000000000000000000000000000000000000000000000000000000000000000000-000--1*
----------------------------------------------------------------------------------------------------
*00-00---0--------------------------------------------------------------------------------0---00-00*
----------------------------------------------------------------------------------------------------
*11--1--000-0000000000000000000000000000000000000000000000000000000000000000000000000000-000--1--11*
--0----------------------------------------------------------------------------------------------0--
.*-**1---0---0------------------------------------------------------------------------0---0---1**-*.
0-1-10----------------------------------------------------------------------------------------01-1-0
*..1*0--000-000-00000000000000000000000000000000000000000000000000000000000000000000-000-000--0*1..*
-0*0.-0--------------------------------------------------------------------------------------0-.0*0-
.-...-*1-1--00---0----------------------------------------------------------------0---00--1-1*-...-.
--.11--.011------------------------------------------------------------------------------110.--11.--
.-...**.0--*01--100-000000000000000000000000000000000000000000000000000000000000-001--10*--0.**...-.
-*..*.*--0--------------------------------------------------------------------------------0--*.*..*-
..*.-*--*110-0--10---0--------------------------------------------------------0---01--0-011*--*-.*..
-..*.*01--.1*-0----------------------------------------------------------------------0-*1.--10*.*..-
.*....1.*.--..*1.1--000-0000000000000000000000000000000000000000000000000000-000--1.1*..--.*.1....*.
*-****.0011-0--------------------------------------------------------------------------0-1100.****-*
*..1**.0*.00.--0-10-00---0------------------------------------------------0---00-01-0--.00.*0.**1..*
**..-1.0--*-*-1----------------------------------------------------------------------1-*-*--0.1-..**
**.....*...-.0*--00--1--000-00000000000000000000000000000000000000000000-000--1--00--*0.-...*.....**
.*......-*-00--------------------------------------------------------------------------00-*-......*.
-0---0---0---0---0---0---0---0----------------------------------------0---0---0---0---0---0---0---0-
.*......-*-00--------------------------------------------------------------------------00-*-......*.
**.....*...-.0*--00--1--000-00000000000000000000000000000000000000000000-000--1--00--*0.-...*.....**
**..-1.0--*-*-1----------------------------------------------------------------------1-*-*--0.1-..**
*..1**.0*.00.--0-10-00---0------------------------------------------------0---00-01-0--.00.*0.**1..*
*-****.0011-0--------------------------------------------------------------------------0-1100.****-*
.*....1.*.--..*1.1--000-0000000000000000000000000000000000000000000000000000-000--1.1*..--.*.1....*.
-..*.*01--.1*-0----------------------------------------------------------------------0-*1.--10*.*..-
..*.-*--*110-0--10---0--------------------------------------------------------0---01--0-011*--*-.*..
-*..*.*--0--------------------------------------------------------------------------------0--*.*..*-
.-...**.0--*01--100-000000000000000000000000000000000000000000000000000000000000-001--10*--0.**...-.
--.11--.011------------------------------------------------------------------------------110.--11.--
.-...-*1-1--00---0----------------------------------------------------------------0---00--1-1*-...-.
-0*0.-0--------------------------------------------------------------------------------------0-.0*0-
*..1*0--000-000-00000000000000000000000000000000000000000000000000000000000000000000-000-000--0*1..*
0-1-10----------------------------------------------------------------------------------------01-1-0
.*-**1---0---0------------------------------------------------------------------------0---0---1**-*.
--0----------------------------------------------------------------------------------------------0--
*11--1--000-0000000000000000000000000000000000000000000000000000000000000000000000000000-000--1--11*
----------------------------------------------------------------------------------------------------
*00-00---0--------------------------------------------------------------------------------0---00-00*
----------------------------------------------------------------------------------------------------
*1--000-000000000000000000000000000000000000000000000000000000000000000000000000000000000000-000--1*
----------------------------------------------------------------------------------------------------
10---0----------------------------------------------------------------------------------------0---01
----------------------------------------------------------------------------------------------------
100-00000000000000000000000000000000000000000000000000000000000000000000000000000000000000000000-001
----------------------------------------------------------------------------------------------------
-0------------------------------------------------------------------------------------------------0-
----------------------------------------------------------------------------------------------------
0000000000000000000000000000000000000000000000000000000000000000000000000000000000000000000000000000
----------------------------------------------------------------------------------------------------
----------------------------------------------------------------------------------------------------
----------------------------------------------------------------------------------------------------
----------------------------------------------------------------------------------------------------
----------------------------------------------------------------------------------------------------
----------------------------------------------------------------------------------------------------
----------------------------------------------------------------------------------------------------
----------------------------------------------------------------------------------------------------
----------------------------------------------------------------------------------------------------
----------------------------------------------------------------------------------------------------
----------------------------------------------------------------------------------------------------
----------------------------------------------------------------------------------------------------
----------------------------------------------------------------------------------------------------
----------------------------------------------------------------------------------------------------
----------------------------------------------------------------------------------------------------
----------------------------------------------------------------------------------------------------
----------------------------------------------------------------------------------------------------
----------------------------------------------------------------------------------------------------
----------------------------------------------------------------------------------------------------
----------------------------------------------------------------------------------------------------

