*** Life<FredkinCell> 9x9 ***

Generation = 0, Population = 3.
---------
---------
---------
---------
---000---
---------
---------
---------
---------

Generation = 1, Population = 10.
---------
---------
---------
---000---
--01-10--
---000---
---------
---------
---------

Generation = 2, Population = 12.
---------
---------
---000---
---------
-012-210-
---------
---000---
---------
---------

Generation = 3, Population = 30.
---------
---000---
--01-10--
-00-0-00-
01-3-3-10
-00-0-00-
--01-10--
---000---
---------

*** Life<FredkinCell> 10x10 ***

Generation = 0, Population = 4.
----------
----------
----------
----------
----00----
----00----
----------
----------
----------
----------

Generation = 1, Population = 8.
----------
----------
----------
----00----
---0--0---
---0--0---
----00----
----------
----------
----------

Generation = 2, Population = 16.
----------
----------
----00----
----11----
--01--10--
--01--10--
----11----
----00----
----------
----------

Generation = 3, Population = 16.
----------
----00----
---0--0---
--0----0--
-0------0-
-0------0-
--0----0--
---0--0---
----00----
----------

*** Life<FredkinCell> 1x1 ***

Generation = 0, Population = 1.
0

Generation = 1, Population = 0.
-

*** Life<FredkinCell> 10x10 ***

Generation = 0, Population = 10.
----------
----------
----------
----------
0000000000
----------
----------
----------
----------
----------

Generation = 5, Population = 42.
1--------1
0000000000
----------
---0--0---
--0-00-0--
---0--0---
----------
0000000000
1--------1
0000000000

Generation = 10, Population = 30.
2010000102
----------
-02----20-
----------
-111--111-
----------
20-0110-02
----------
-0------0-
----------

Generation = 15, Population = 52.
----------
0000000000
5--------5
0-000000-0
1-2----2-1
0-0----0-0
7-22--22-7
0--0000--0
53------35
-00000000-

Generation = 20, Population = 22.
---1001---
----------
7143443417
----------
--456654--
----------
----------
----------
----22----
----------

Generation = 25, Population = 50.
-1-4--4-1-
--0-00-0--
---3553---
-00-00-00-
1665--5661
0--0000--0
8--------8
----00----
6--5335--6
0000--0000

Generation = 30, Population = 18.
9-3----3-9
----------
8---66---8
----------
--86--68--
----------
--56--65--
----------
----55----
----------

*** Life<FredkinCell> 100x100 ***

Generation = 0, Population = 100.
----------------------------------------------------------------------------------------------------
----------------------------------------------------------------------------------------------------
----------------------------------------------------------------------------------------------------
----------------------------------------------------------------------------------------------------
----------------------------------------------------------------------------------------------------
----------------------------------------------------------------------------------------------------
----------------------------------------------------------------------------------------------------
----------------------------------------------------------------------------------------------------
----------------------------------------------------------------------------------------------------
----------------------------------------------------------------------------------------------------
----------------------------------------------------------------------------------------------------
----------------------------------------------------------------------------------------------------
----------------------------------------------------------------------------------------------------
----------------------------------------------------------------------------------------------------
----------------------------------------------------------------------------------------------------
----------------------------------------------------------------------------------------------------
----------------------------------------------------------------------------------------------------
----------------------------------------------------------------------------------------------------
----------------------------------------------------------------------------------------------------
----------------------------------------------------------------------------------------------------
----------------------------------------------------------------------------------------------------
----------------------------------------------------------------------------------------------------
----------------------------------------------------------------------------------------------------
----------------------------------------------------------------------------------------------------
----------------------------------------------------------------------------------------------------
----------------------------------------------------------------------------------------------------
----------------------------------------------------------------------------------------------------
----------------------------------------------------------------------------------------------------
----------------------------------------------------------------------------------------------------
----------------------------------------------------------------------------------------------------
----------------------------------------------------------------------------------------------------
----------------------------------------------------------------------------------------------------
----------------------------------------------------------------------------------------------------
----------------------------------------------------------------------------------------------------
----------------------------------------------------------------------------------------------------
----------------------------------------------------------------------------------------------------
----------------------------------------------------------------------------------------------------
----------------------------------------------------------------------------------------------------
----------------------------------------------------------------------------------------------------
----------------------------------------------------------------------------------------------------
----------------------------------------------------------------------------------------------------
----------------------------------------------------------------------------------------------------
----------------------------------------------------------------------------------------------------
----------------------------------------------------------------------------------------------------
----------------------------------------------------------------------------------------------------
----------------------------------------------------------------------------------------------------
----------------------------------------------------------------------------------------------------
----------------------------------------------------------------------------------------------------
----------------------------------------------------------------------------------------------------
0000000000000000000000000000000000000000000000000000000000000000000000000000000000000000000000000000
----------------------------------------------------------------------------------------------------
----------------------------------------------------------------------------------------------------
----------------------------------------------------------------------------------------------------
----------------------------------------------------------------------------------------------------
----------------------------------------------------------------------------------------------------
----------------------------------------------------------------------------------------------------
----------------------------------------------------------------------------------------------------
----------------------------------------------------------------------------------------------------
----------------------------------------------------------------------------------------------------
----------------------------------------------------------------------------------------------------
----------------------------------------------------------------------------------------------------
----------------------------------------------------------------------------------------------------
----------------------------------------------------------------------------------------------------
----------------------------------------------------------------------------------------------------
----------------------------------------------------------------------------------------------------
----------------------------------------------------------------------------------------------------
----------------------------------------------------------------------------------------------------
----------------------------------------------------------------------------------------------------
----------------------------------------------------------------------------------------------------
----------------------------------------------------------------------------------------------------
----------------------------------------------------------------------------------------------------
----------------------------------------------------------------------------------------------------
----------------------------------------------------------------------------------------------------
----------------------------------------------------------------------------------------------------
----------------------------------------------------------------------------------------------------
----------------------------------------------------------------------------------------------------
----------------------------------------------------------------------------------------------------
----------------------------------------------------------------------------------------------------
----------------------------------------------------------------------------------------------------
----------------------------------------------------------------------------------------------------
----------------------------------------------------------------------------------------------------
----------------------------------------------------------------------------------------------------
----------------------------------------------------------------------------------------------------
----------------------------------------------------------------------------------------------------
----------------------------------------------------------------------------------------------------
----------------------------------------------------------------------------------------------------
----------------------------------------------------------------------------------------------------
----------------------------------------------------------------------------------------------------
----------------------------------------------------------------------------------------------------
----------------------------------------------------------------------------------------------------
----------------------------------------------------------------------------------------------------
----------------------------------------------------------------------------------------------------
----------------------------------------------------------------------------------------------------
----------------------------------------------------------------------------------------------------
----------------------------------------------------------------------------------------------------
----------------------------------------------------------------------------------------------------
----------------------------------------------------------------------------------------------------
----------------------------------------------------------------------------------------------------
----------------------------------------------------------------------------------------------------
----------------------------------------------------------------------------------------------------

Generation = 10, Population = 412.
----------------------------------------------------------------------------------------------------
----------------------------------------------------------------------------------------------------
----------------------------------------------------------------------------------------------------
----------------------------------------------------------------------------------------------------
----------------------------------------------------------------------------------------------------
----------------------------------------------------------------------------------------------------
----------------------------------------------------------------------------------------------------
----------------------------------------------------------------------------------------------------
----------------------------------------------------------------------------------------------------
----------------------------------------------------------------------------------------------------
----------------------------------------------------------------------------------------------------
----------------------------------------------------------------------------------------------------
----------------------------------------------------------------------------------------------------
----------------------------------------------------------------------------------------------------
----------------------------------------------------------------------------------------------------
----------------------------------------------------------------------------------------------------
----------------------------------------------------------------------------------------------------
----------------------------------------------------------------------------------------------------
----------------------------------------------------------------------------------------------------
----------------------------------------------------------------------------------------------------
----------------------------------------------------------------------------------------------------
----------------------------------------------------------------------------------------------------
----------------------------------------------------------------------------------------------------
----------------------------------------------------------------------------------------------------
----------------------------------------------------------------------------------------------------
----------------------------------------------------------------------------------------------------
----------------------------------------------------------------------------------------------------
----------------------------------------------------------------------------------------------------
----------------------------------------------------------------------------------------------------
----------------------------------------------------------------------------------------------------
----------------------------------------------------------------------------------------------------
----------------------------------------------------------------------------------------------------
----------------------------------------------------------------------------------------------------
----------------------------------------------------------------------------------------------------
----------------------------------------------------------------------------------------------------
----------------------------------------------------------------------------------------------------
----------------------------------------------------------------------------------------------------
----------------------------------------------------------------------------------------------------
----------------------------------------------------------------------------------------------------
0000000000000000000000000000000000000000000000000000000000000000000000000000000000000000000000000000
----------------------------------------------------------------------------------------------------
-0------------------------------------------------------------------------------------------------0-
----------------------------------------------------------------------------------------------------
1000000000000000000000000000000000000000000000000000000000000000000000000000000000000000000000000001
----------------------------------------------------------------------------------------------------
----------------------------------------------------------------------------------------------------
----------------------------------------------------------------------------------------------------
-------0------------------------------------------------------------------------------------0-------
----------------------------------------------------------------------------------------------------
-----0---0--------------------------------------------------------------------------------0---0-----
----------------------------------------------------------------------------------------------------
-------0------------------------------------------------------------------------------------0-------
----------------------------------------------------------------------------------------------------
----------------------------------------------------------------------------------------------------
----------------------------------------------------------------------------------------------------
1000000000000000000000000000000000000000000000000000000000000000000000000000000000000000000000000001
----------------------------------------------------------------------------------------------------
-0------------------------------------------------------------------------------------------------0-
----------------------------------------------------------------------------------------------------
0000000000000000000000000000000000000000000000000000000000000000000000000000000000000000000000000000
----------------------------------------------------------------------------------------------------
----------------------------------------------------------------------------------------------------
----------------------------------------------------------------------------------------------------
----------------------------------------------------------------------------------------------------
----------------------------------------------------------------------------------------------------
----------------------------------------------------------------------------------------------------
----------------------------------------------------------------------------------------------------
----------------------------------------------------------------------------------------------------
----------------------------------------------------------------------------------------------------
----------------------------------------------------------------------------------------------------
----------------------------------------------------------------------------------------------------
----------------------------------------------------------------------------------------------------
----------------------------------------------------------------------------------------------------
----------------------------------------------------------------------------------------------------
----------------------------------------------------------------------------------------------------
----------------------------------------------------------------------------------------------------
----------------------------------------------------------------------------------------------------
----------------------------------------------------------------------------------------------------
----------------------------------------------------------------------------------------------------
----------------------------------------------------------------------------------------------------
----------------------------------------------------------------------------------------------------
----------------------------------------------------------------------------------------------------
----------------------------------------------------------------------------------------------------
----------------------------------------------------------------------------------------------------
----------------------------------------------------------------------------------------------------
----------------------------------------------------------------------------------------------------
----------------------------------------------------------------------------------------------------
----------------------------------------------------------------------------------------------------
----------------------------------------------------------------------------------------------------
----------------------------------------------------------------------------------------------------
----------------------------------------------------------------------------------------------------
----------------------------------------------------------------------------------------------------
----------------------------------------------------------------------------------------------------
----------------------------------------------------------------------------------------------------
----------------------------------------------------------------------------------------------------
----------------------------------------------------------------------------------------------------
----------------------------------------------------------------------------------------------------
----------------------------------------------------------------------------------------------------
----------------------------------------------------------------------------------------------------
----------------------------------------------------------------------------------------------------

Generation = 20, Population = 412.
----------------------------------------------------------------------------------------------------
----------------------------------------------------------------------------------------------------
----------------------------------------------------------------------------------------------------
----------------------------------------------------------------------------------------------------
----------------------------------------------------------------------------------------------------
----------------------------------------------------------------------------------------------------
----------------------------------------------------------------------------------------------------
----------------------------------------------------------------------------------------------------
----------------------------------------------------------------------------------------------------
----------------------------------------------------------------------------------------------------
----------------------------------------------------------------------------------------------------
----------------------------------------------------------------------------------------------------
----------------------------------------------------------------------------------------------------
----------------------------------------------------------------------------------------------------
----------------------------------------------------------------------------------------------------
----------------------------------------------------------------------------------------------------
----------------------------------------------------------------------------------------------------
----------------------------------------------------------------------------------------------------
----------------------------------------------------------------------------------------------------
----------------------------------------------------------------------------------------------------
----------------------------------------------------------------------------------------------------
----------------------------------------------------------------------------------------------------
----------------------------------------------------------------------------------------------------
----------------------------------------------------------------------------------------------------
----------------------------------------------------------------------------------------------------
----------------------------------------------------------------------------------------------------
----------------------------------------------------------------------------------------------------
----------------------------------------------------------------------------------------------------
----------------------------------------------------------------------------------------------------
0000000000000000000000000000000000000000000000000000000000000000000000000000000000000000000000000000
----------------------------------------------------------------------------------------------------
----------------------------------------------------------------------------------------------------
----------------------------------------------------------------------------------------------------
---0--------------------------------------------------------------------------------------------0---
----------------------------------------------------------------------------------------------------
----------------------------------------------------------------------------------------------------
----------------------------------------------------------------------------------------------------
1000000000000000000000000000000000000000000000000000000000000000000000000000000000000000000000000001
----------------------------------------------------------------------------------------------------
----------------------------------------------------------------------------------------------------
----------------------------------------------------------------------------------------------------
----------------------------------------------------------------------------------------------------
----------------------------------------------------------------------------------------------------
----------------------------------------------------------------------------------------------------
----------------------------------------------------------------------------------------------------
---------------0--------------------------------------------------------------------0---------------
----------------------------------------------------------------------------------------------------
----------------------------------------------------------------------------------------------------
----------------------------------------------------------------------------------------------------
-----------0-------0------------------------------------------------------------0-------0-----------
----------------------------------------------------------------------------------------------------
----------------------------------------------------------------------------------------------------
----------------------------------------------------------------------------------------------------
---------------0--------------------------------------------------------------------0---------------
----------------------------------------------------------------------------------------------------
----------------------------------------------------------------------------------------------------
----------------------------------------------------------------------------------------------------
----------------------------------------------------------------------------------------------------
----------------------------------------------------------------------------------------------------
----------------------------------------------------------------------------------------------------
----------------------------------------------------------------------------------------------------
1000000000000000000000000000000000000000000000000000000000000000000000000000000000000000000000000001
----------------------------------------------------------------------------------------------------
----------------------------------------------------------------------------------------------------
----------------------------------------------------------------------------------------------------
---0--------------------------------------------------------------------------------------------0---
----------------------------------------------------------------------------------------------------
----------------------------------------------------------------------------------------------------
----------------------------------------------------------------------------------------------------
0000000000000000000000000000000000000000000000000000000000000000000000000000000000000000000000000000
----------------------------------------------------------------------------------------------------
----------------------------------------------------------------------------------------------------
----------------------------------------------------------------------------------------------------
----------------------------------------------------------------------------------------------------
----------------------------------------------------------------------------------------------------
----------------------------------------------------------------------------------------------------
----------------------------------------------------------------------------------------------------
----------------------------------------------------------------------------------------------------
----------------------------------------------------------------------------------------------------
----------------------------------------------------------------------------------------------------
----------------------------------------------------------------------------------------------------
----------------------------------------------------------------------------------------------------
----------------------------------------------------------------------------------------------------
----------------------------------------------------------------------------------------------------
----------------------------------------------------------------------------------------------------
----------------------------------------------------------------------------------------------------
----------------------------------------------------------------------------------------------------
----------------------------------------------------------------------------------------------------
----------------------------------------------------------------------------------------------------
----------------------------------------------------------------------------------------------------
----------------------------------------------------------------------------------------------------
----------------------------------------------------------------------------------------------------
----------------------------------------------------------------------------------------------------
----------------------------------------------------------------------------------------------------
----------------------------------------------------------------------------------------------------
----------------------------------------------------------------------------------------------------
----------------------------------------------------------------------------------------------------
----------------------------------------------------------------------------------------------------
----------------------------------------------------------------------------------------------------
----------------------------------------------------------------------------------------------------

Generation = 30, Population = 1616.
----------------------------------------------------------------------------------------------------
----------------------------------------------------------------------------------------------------
----------------------------------------------------------------------------------------------------
----------------------------------------------------------------------------------------------------
----------------------------------------------------------------------------------------------------
----------------------------------------------------------------------------------------------------
----------------------------------------------------------------------------------------------------
----------------------------------------------------------------------------------------------------
----------------------------------------------------------------------------------------------------
----------------------------------------------------------------------------------------------------
----------------------------------------------------------------------------------------------------
----------------------------------------------------------------------------------------------------
----------------------------------------------------------------------------------------------------
----------------------------------------------------------------------------------------------------
----------------------------------------------------------------------------------------------------
----------------------------------------------------------------------------------------------------
----------------------------------------------------------------------------------------------------
----------------------------------------------------------------------------------------------------
----------------------------------------------------------------------------------------------------
0000000000000000000000000000000000000000000000000000000000000000000000000000000000000000000000000000
----------------------------------------------------------------------------------------------------
-0------------------------------------------------------------------------------------------------0-
----------------------------------------------------------------------------------------------------
100-00000000000000000000000000000000000000000000000000000000000000000000000000000000000000000000-001
----------------------------------------------------------------------------------------------------
-0---0----------------------------------------------------------------------------------------0---0-
----------------------------------------------------------------------------------------------------
200-000-000000000000000000000000000000000000000000000000000000000000000000000000000000000000-000-002
----------------------------------------------------------------------------------------------------
-0---0---0--------------------------------------------------------------------------------0---0---0-
----------------------------------------------------------------------------------------------------
201-100-000-0000000000000000000000000000000000000000000000000000000000000000000000000000-000-001-102
----------------------------------------------------------------------------------------------------
-0---0---0---0------------------------------------------------------------------------0---0---0---0-
----------------------------------------------------------------------------------------------------
301-100-000-000-00000000000000000000000000000000000000000000000000000000000000000000-000-000-001-103
----------------------------------------------------------------------------------------------------
-0---0---0---0---0----------------------------------------------------------------0---0---0---0---0-
----------------------------------------------------------------------------------------------------
401-100-000-001-100-000000000000000000000000000000000000000000000000000000000000-001-100-000-001-104
----------------------------------------------------------------------------------------------------
-0---0---0---0---0---0--------------------------------------------------------0---0---0---0---0---0-
----------------------------------------------------------------------------------------------------
401-101-100-001-100-000-0000000000000000000000000000000000000000000000000000-000-001-100-001-101-104
----------------------------------------------------------------------------------------------------
-0---0---0---0---0---0---0------------------------------------------------0---0---0---0---0---0---0-
----------------------------------------------------------------------------------------------------
302-201-101-100-000-000-000-00000000000000000000000000000000000000000000-000-000-000-001-101-102-203
----------------------------------------------------------------------------------------------------
-0---0---0---0---0---0---0---0----------------------------------------0---0---0---0---0---0---0---0-
----------------------------------------------------------------------------------------------------
302-201-101-100-000-000-000-00000000000000000000000000000000000000000000-000-000-000-001-101-102-203
----------------------------------------------------------------------------------------------------
-0---0---0---0---0---0---0------------------------------------------------0---0---0---0---0---0---0-
----------------------------------------------------------------------------------------------------
401-101-100-001-100-000-0000000000000000000000000000000000000000000000000000-000-001-100-001-101-104
----------------------------------------------------------------------------------------------------
-0---0---0---0---0---0--------------------------------------------------------0---0---0---0---0---0-
----------------------------------------------------------------------------------------------------
401-100-000-001-100-000000000000000000000000000000000000000000000000000000000000-001-100-000-001-104
----------------------------------------------------------------------------------------------------
-0---0---0---0---0----------------------------------------------------------------0---0---0---0---0-
----------------------------------------------------------------------------------------------------
301-100-000-000-00000000000000000000000000000000000000000000000000000000000000000000-000-000-001-103
----------------------------------------------------------------------------------------------------
-0---0---0---0------------------------------------------------------------------------0---0---0---0-
----------------------------------------------------------------------------------------------------
201-100-000-0000000000000000000000000000000000000000000000000000000000000000000000000000-000-001-102
----------------------------------------------------------------------------------------------------
-0---0---0--------------------------------------------------------------------------------0---0---0-
----------------------------------------------------------------------------------------------------
200-000-000000000000000000000000000000000000000000000000000000000000000000000000000000000000-000-002
----------------------------------------------------------------------------------------------------
-0---0----------------------------------------------------------------------------------------0---0-
----------------------------------------------------------------------------------------------------
100-00000000000000000000000000000000000000000000000000000000000000000000000000000000000000000000-001
----------------------------------------------------------------------------------------------------
-0------------------------------------------------------------------------------------------------0-
----------------------------------------------------------------------------------------------------
0000000000000000000000000000000000000000000000000000000000000000000000000000000000000000000000000000
----------------------------------------------------------------------------------------------------
----------------------------------------------------------------------------------------------------
----------------------------------------------------------------------------------------------------
----------------------------------------------------------------------------------------------------
----------------------------------------------------------------------------------------------------
----------------------------------------------------------------------------------------------------
----------------------------------------------------------------------------------------------------
----------------------------------------------------------------------------------------------------
----------------------------------------------------------------------------------------------------
----------------------------------------------------------------------------------------------------
----------------------------------------------------------------------------------------------------
----------------------------------------------------------------------------------------------------
----------------------------------------------------------------------------------------------------
----------------------------------------------------------------------------------------------------
----------------------------------------------------------------------------------------------------
----------------------------------------------------------------------------------------------------
----------------------------------------------------------------------------------------------------
----------------------------------------------------------------------------------------------------
----------------------------------------------------------------------------------------------------
----------------------------------------------------------------------------------------------------

